<?xml version="1.0" encoding="UTF-8"?>
<!-- Generated by org.testng.reporters.JUnitReportReporter -->
<testsuite hostname="LP561" failures="0" tests="1" name="appiumautomation.loginTestcase" time="32.503" errors="0" timestamp="2025-01-25T13:17:53 IST" skipped="0">
  <testcase classname="appiumautomation.loginTestcase" name="loginIntoApp" time="32.503"/>
</testsuite> <!-- appiumautomation.loginTestcase -->
